<?xml version="1.0" encoding="UTF-8"?>
<testng-results skipped="0" failed="0" ignored="0" total="1" passed="1">
  <reporter-output>
  </reporter-output>
  <suite name="Default suite" duration-ms="410" started-at="2018-02-12T18:39:04Z" finished-at="2018-02-12T18:39:04Z">
    <groups>
      <group name="cucumber">
        <method signature="AbstractTestNGCucumberTests.feature(cucumber.api.testng.CucumberFeatureWrapper)[pri:0, instance:com.cucumber.framework.runner.facebookLoginFeatureRunner@4cf777e8]" name="feature" class="cucumber.api.testng.AbstractTestNGCucumberTests"/>
      </group> <!-- cucumber -->
    </groups>
    <test name="Default test" duration-ms="410" started-at="2018-02-12T18:39:04Z" finished-at="2018-02-12T18:39:04Z">
      <class name="com.cucumber.framework.runner.facebookLoginFeatureRunner">
        <test-method status="PASS" signature="setUpClass()[pri:0, instance:com.cucumber.framework.runner.facebookLoginFeatureRunner@4cf777e8]" name="setUpClass" is-config="true" duration-ms="194" started-at="2018-02-12T18:39:04Z" finished-at="2018-02-12T18:39:04Z">
          <reporter-output>
          </reporter-output>
        </test-method> <!-- setUpClass -->
        <test-method status="PASS" signature="feature(cucumber.api.testng.CucumberFeatureWrapper)[pri:0, instance:com.cucumber.framework.runner.facebookLoginFeatureRunner@4cf777e8]" name="feature" duration-ms="109" started-at="2018-02-12T18:39:04Z" description="Runs Cucumber Feature" data-provider="features" finished-at="2018-02-12T18:39:04Z">
          <params>
            <param index="0">
              <value>
                <![CDATA[Login to facebook]]>
              </value>
            </param>
          </params>
          <reporter-output>
          </reporter-output>
        </test-method> <!-- feature -->
        <test-method status="PASS" signature="tearDownClass()[pri:0, instance:com.cucumber.framework.runner.facebookLoginFeatureRunner@4cf777e8]" name="tearDownClass" is-config="true" duration-ms="5" started-at="2018-02-12T18:39:04Z" finished-at="2018-02-12T18:39:04Z">
          <reporter-output>
          </reporter-output>
        </test-method> <!-- tearDownClass -->
      </class> <!-- com.cucumber.framework.runner.facebookLoginFeatureRunner -->
    </test> <!-- Default test -->
  </suite> <!-- Default suite -->
</testng-results>
